# JRE version: Java(TM) SE Runtime Environment 18.9 (11.0.10+8) (build 11.0.10+8-LTS-162)
# Java VM: Java HotSpot(TM) 64-Bit Server VM 18.9 (11.0.10+8-LTS-162, mixed mode, tiered, compressed oops, g1 gc, windows-amd64)
Heap:
 garbage-first heap   total 192512K, used 24150K [0x0000000744000000, 0x0000000800000000)
  region size 1024K, 21 young (21504K), 3 survivors (3072K)
 Metaspace       used 27930K, capacity 28360K, committed 28464K, reserved 1075200K
  class space    used 2719K, capacity 2941K, committed 2944K, reserved 1048576K
GC Heap History (6 events):
Event: 0.837 GC heap before
{Heap before GC invocations=0 (full 0):
 garbage-first heap   total 192512K, used 23552K [0x0000000744000000, 0x0000000800000000)
  region size 1024K, 24 young (24576K), 0 survivors (0K)
 Metaspace       used 16143K, capacity 16520K, committed 16640K, reserved 1064960K
  class space    used 1608K, capacity 1774K, committed 1792K, reserved 1048576K
}
Event: 0.841 GC heap after
{Heap after GC invocations=1 (full 0):
 garbage-first heap   total 192512K, used 4299K [0x0000000744000000, 0x0000000800000000)
  region size 1024K, 3 young (3072K), 3 survivors (3072K)
 Metaspace       used 16143K, capacity 16520K, committed 16640K, reserved 1064960K
  class space    used 1608K, capacity 1774K, committed 1792K, reserved 1048576K
}
Event: 2.241 GC heap before
{Heap before GC invocations=1 (full 0):
 garbage-first heap   total 192512K, used 22731K [0x0000000744000000, 0x0000000800000000)
  region size 1024K, 22 young (22528K), 3 survivors (3072K)
 Metaspace       used 20660K, capacity 21118K, committed 21296K, reserved 1069056K
  class space    used 2133K, capacity 2350K, committed 2432K, reserved 1048576K
}
Event: 2.246 GC heap after
{Heap after GC invocations=2 (full 0):
 garbage-first heap   total 192512K, used 5548K [0x0000000744000000, 0x0000000800000000)
  region size 1024K, 5 young (5120K), 5 survivors (5120K)
 Metaspace       used 20660K, capacity 21118K, committed 21296K, reserved 1069056K
  class space    used 2133K, capacity 2350K, committed 2432K, reserved 1048576K
}
Event: 2.775 GC heap before
{Heap before GC invocations=3 (full 0):
 garbage-first heap   total 192512K, used 35244K [0x0000000744000000, 0x0000000800000000)
  region size 1024K, 35 young (35840K), 5 survivors (5120K)
 Metaspace       used 26924K, capacity 27421K, committed 27696K, reserved 1075200K
  class space    used 2636K, capacity 2869K, committed 2944K, reserved 1048576K
}
Event: 2.779 GC heap after
{Heap after GC invocations=4 (full 0):
 garbage-first heap   total 192512K, used 6742K [0x0000000744000000, 0x0000000800000000)
  region size 1024K, 3 young (3072K), 3 survivors (3072K)
 Metaspace       used 26924K, capacity 27421K, committed 27696K, reserved 1075200K
  class space    used 2636K, capacity 2869K, committed 2944K, reserved 1048576K
}

